2022-03-24 20:34:26,094 - WARNING - tvb.simulator.common - psutil module not available: no warnings will be issued when a
    simulation may require more memory than available
   INFO  log level set to INFO
WARNING  File 'average_orientations' not found in ZIP.
WARNING  File 'cortical' not found in ZIP.
WARNING  File 'hemispheres' not found in ZIP.
WARNING  File 'areas' not found in ZIP.
   INFO  step 1 time 0.0000 s
   INFO  step 8193 time 0.1000 s
   INFO  step 16385 time 0.2000 s
   INFO  step 24577 time 0.3000 s
   INFO  step 32769 time 0.4000 s
   INFO  step 40961 time 0.5000 s
   INFO  step 49153 time 0.6000 s
   INFO  step 57345 time 0.7000 s
   INFO  step 65537 time 0.8000 s
   INFO  step 73729 time 0.9000 s
   INFO  step 81921 time 1.0000 s
   INFO  step 90113 time 1.1000 s
   INFO  step 98305 time 1.2000 s
   INFO  step 106497 time 1.3000 s
   INFO  step 114689 time 1.4000 s
   INFO  step 122881 time 1.5000 s
   INFO  step 131073 time 1.6000 s
   INFO  step 139265 time 1.7000 s
   INFO  step 147457 time 1.8000 s
   INFO  step 155649 time 1.9000 s
   INFO  step 163841 time 2.0000 s
   INFO  step 172033 time 2.1000 s
   INFO  step 180225 time 2.2000 s
   INFO  step 188417 time 2.3000 s
   INFO  step 196609 time 2.4000 s
   INFO  step 204801 time 2.5000 s
   INFO  step 212993 time 2.6000 s
   INFO  step 221185 time 2.7000 s
   INFO  step 229377 time 2.8000 s
   INFO  step 237569 time 2.9000 s
   INFO  step 245761 time 3.0000 s
   INFO  step 253953 time 3.1000 s
   INFO  step 262145 time 3.2000 s
   INFO  step 270337 time 3.3000 s
   INFO  step 278529 time 3.4000 s
   INFO  step 286721 time 3.5000 s
   INFO  step 294913 time 3.6000 s
   INFO  step 303105 time 3.7000 s
   INFO  step 311297 time 3.8000 s
   INFO  step 319489 time 3.9000 s
   INFO  step 327681 time 4.0000 s
   INFO  step 335873 time 4.1000 s
   INFO  step 344065 time 4.2000 s
   INFO  step 352257 time 4.3000 s
   INFO  step 360449 time 4.4000 s
   INFO  step 368641 time 4.5000 s
   INFO  step 376833 time 4.6000 s
   INFO  step 385025 time 4.7000 s
   INFO  step 393217 time 4.8000 s
   INFO  step 401409 time 4.9000 s
   INFO  step 409601 time 5.0000 s
   INFO  step 417793 time 5.1000 s
   INFO  step 425985 time 5.2000 s
   INFO  step 434177 time 5.3000 s
   INFO  step 442369 time 5.4000 s
   INFO  step 450561 time 5.5000 s
   INFO  step 458753 time 5.6000 s
   INFO  step 466945 time 5.7000 s
   INFO  step 475137 time 5.8000 s
   INFO  step 483329 time 5.9000 s
   INFO  step 491521 time 6.0000 s
   INFO  step 499713 time 6.1000 s
   INFO  step 507905 time 6.2000 s
   INFO  step 516097 time 6.3000 s
   INFO  step 524289 time 6.4000 s
   INFO  step 532481 time 6.5000 s
   INFO  step 540673 time 6.6000 s
   INFO  step 548865 time 6.7000 s
   INFO  step 557057 time 6.8000 s
   INFO  step 565249 time 6.9000 s
   INFO  step 573441 time 7.0000 s
   INFO  step 581633 time 7.1000 s
   INFO  step 589825 time 7.2000 s
   INFO  step 598017 time 7.3000 s
   INFO  step 606209 time 7.4000 s
   INFO  step 614401 time 7.5000 s
   INFO  step 622593 time 7.6000 s
   INFO  step 630785 time 7.7000 s
   INFO  step 638977 time 7.8000 s
   INFO  step 647169 time 7.9000 s
   INFO  step 655361 time 8.0000 s
   INFO  step 663553 time 8.1000 s
   INFO  step 671745 time 8.2000 s
   INFO  step 679937 time 8.3000 s
   INFO  step 688129 time 8.4000 s
   INFO  step 696321 time 8.5000 s
   INFO  step 704513 time 8.6000 s
   INFO  step 712705 time 8.7000 s
   INFO  step 720897 time 8.8000 s
   INFO  step 729089 time 8.9000 s
   INFO  step 737281 time 9.0000 s
   INFO  step 745473 time 9.1000 s
   INFO  step 753665 time 9.2000 s
   INFO  step 761857 time 9.3000 s
   INFO  step 770049 time 9.4000 s
   INFO  step 778241 time 9.5000 s
   INFO  step 786433 time 9.6000 s
   INFO  step 794625 time 9.7000 s
   INFO  step 802817 time 9.8000 s
   INFO  step 811009 time 9.9000 s
WARNING  Duration: 473.6738712787628
