STANDARD OUT:
HOST INFO: Linux compute-1-4-26 4.18.0-193.19.1.el8_2.x86_64 #1 SMP Mon Sep 14 14:37:00 UTC 2020 x86_64 x86_64 x86_64 GNU/Linux
COMMAND RUN: /home/yxw190015/tvb-pipeline2/tvb-ukbb/bb_diffusion_pipeline/bb_bedpostx/bb_bedpostx_gpu
Starting time: Sat Aug 28 13:42:16 CDT 2021
subjectdir is /home/yxw190015/HSAM/000017/dMRI
false
The command /home/yxw190015/tvb-pipeline2/tvb-ukbb/bb_diffusion_pipeline/bb_bedpostx/bb_bedpostx_gpu took 0 seconds
Ending time: Sat Aug 28 13:42:16 CDT 2021


STANDARD ERROR:
++ fsl_abspath /home/yxw190015/HSAM/000017/dMRI
+ subjdir=/home/yxw190015/HSAM/000017/dMRI
++ echo /home/yxw190015/HSAM/000017/dMRI
++ sed 's/\/$/$/g'
+ subjdir=/home/yxw190015/HSAM/000017/dMRI
+ echo subjectdir is /home/yxw190015/HSAM/000017/dMRI
+ FSLSUBALREADYRUN=false
+ echo false
+ '[' -d /home/yxw190015/HSAM/000017/dMRI ']'
+ '[' '!' -f /home/yxw190015/HSAM/000017/dMRI/pre_bedpostx_error.txt ']'
+ . /home/yxw190015/tvb-pipeline2/tvb-ukbb/bb_pipeline_tools/bb_set_footer
++ set +x
