2021-08-28 10:45:32,482 - bb_file_manager - INFO - Starting the subject processing: Sat Aug 28 10:45:32 2021 
2021-08-28 10:45:32,482 - bb_file_manager - INFO - Subject received as input: 000017 
2021-08-28 10:45:32,517 - bb_file_manager - INFO - Performing action capitalize_and_clean on files with patterns ['*.[^log]'] 
2021-08-28 10:45:32,517 - bb_file_manager - INFO - File names changed to upper case. 
2021-08-28 10:45:32,535 - bb_file_manager - INFO - Performing action move_to on files with patterns ['dicom', 'DICOM'] 
2021-08-28 10:45:32,569 - bb_file_manager - INFO - Performing action manage_struct on files with patterns ['*T1*.nii.gz', '*MPRAGE*.nii.gz', '*IR-FSPGR*.nii.gz'] 
2021-08-28 10:45:32,570 - bb_file_manager - INFO - File moved/renamed: /home/yxw190015/HSAM/000017/000017+T1+nii.nii.gz to T1/T1.nii.gz 
2021-08-28 10:45:32,912 - bb_file_manager - INFO - Performing action manage_struct on files with patterns ['T2*FLAIR*.nii.gz', '*FLAIR*.nii.gz'] 
2021-08-28 10:45:32,912 - bb_file_manager - ERROR - There was not an intensity-normalized T2. 
2021-08-28 10:45:32,995 - bb_file_manager - INFO - Performing action manage_fMRI on files with patterns ['*FMRI*RESTING*.nii.gz', 'MB8*RESTING*.nii.gz', '*TASK*REST*.nii.gz', '*task*rest*.nii.gz', '*epi_rest*.nii.gz', '*rsfMRI*.nii.gz', '*fcMRI*.nii.gz'] 
2021-08-28 10:45:33,016 - bb_file_manager - INFO - File moved/renamed: /home/yxw190015/HSAM/000017/000017+FMRI+RESTING+nii.nii.gz to fMRI/rfMRI.nii.gz 
2021-08-28 10:45:34,378 - bb_file_manager - WARNING - There was no SBRef data for the subject fMRI/rfMRI.nii.gz 
2021-08-28 10:45:34,378 - bb_file_manager - WARNING - The SBRef data will be generated now using the middle point of the subject 
2021-08-28 10:45:34,378 - bb_file_manager - WARNING - Command to run: /home/yxw190015/tvb-pipeline2/tvb-ukbb/bb_functional_pipeline/bb_generate_SBRef fMRI/rfMRI.nii.gz fMRI/rfMRI_SBREF.nii.gz 
2021-08-28 10:45:34,378 - bb_file_manager - INFO - COMMAND TO RUN: 	/home/yxw190015/tvb-pipeline2/tvb-ukbb/bb_functional_pipeline/bb_generate_SBRef fMRI/rfMRI.nii.gz fMRI/rfMRI_SBREF.nii.gz 
2021-08-28 10:46:34,557 - bb_file_manager - INFO - COMMAND OUTPUT: 	 
2021-08-28 10:46:34,613 - bb_file_manager - INFO - Performing action manage_fMRI on files with patterns ['*fmri*task*.nii.gz', '*FMRI*TASK*.nii.gz', 'MB8*TASK*.nii.gz', '*epi_movie*.nii.gz', '*epi_smt*.nii.gz'] 
2021-08-28 10:46:34,614 - bb_file_manager - WARNING - There was no tfMRI FMRI data 
2021-08-28 10:46:34,625 - bb_file_manager - INFO - Performing action manage_SWI on files with patterns ['SWI*nii.gz'] 
2021-08-28 10:46:34,625 - bb_file_manager - ERROR - There should be at least 134 SWI files. Only 0 found. There will be no SWI processing 
2021-08-28 10:46:34,670 - bb_file_manager - INFO - Performing action manage_DWI on files with patterns ['DIFF_*', 'MB3_*', '*dwi*.*', '*DWI*.*'] 
2021-08-28 10:46:34,670 - bb_file_manager - ERROR - There should be at least one DWI image in the dwi direction with more than one volume. DWI data is not correct. There will be no diffusion processing. 
2021-08-28 10:46:34,670 - bb_file_manager - INFO - File moved/renamed: /home/yxw190015/HSAM/000017/000017+DWI+bvec.bvec to unclassified/000017+DWI+bvec.bvec 
2021-08-28 10:46:34,673 - bb_file_manager - INFO - File moved/renamed: /home/yxw190015/HSAM/000017/000017+DWI+bval.bval to unclassified/000017+DWI+bval.bval 
2021-08-28 10:46:34,676 - bb_file_manager - INFO - File moved/renamed: /home/yxw190015/HSAM/000017/000017+DWI+nii.nii.gz to unclassified/000017+DWI+nii.nii.gz 
2021-08-28 10:46:35,045 - bb_file_manager - INFO - Performing action move_to on files with patterns ['SWI*.*'] 
2021-08-28 10:46:35,056 - bb_file_manager - INFO - Performing action move_to on files with patterns ['*.[^log]'] 
2021-08-28 10:46:35,056 - bb_file_manager - INFO - FILECONFIG: {'T1': 'T1/T1.nii.gz', 'rfMRI': 'fMRI/rfMRI.nii.gz', 'rfMRI_SBRef': 'fMRI/rfMRI_SBREF.nii.gz', 'AP': '', 'AP_bval': '', 'AP_bvec': '', 'PA': '', 'PA_bval': '', 'PA_bvec': ''} 
