STANDARD OUT:
HOST INFO: Linux compute-1-4-26 4.18.0-193.19.1.el8_2.x86_64 #1 SMP Mon Sep 14 14:37:00 UTC 2020 x86_64 x86_64 x86_64 GNU/Linux
COMMAND RUN: /home/yxw190015/tvb-pipeline2/tvb-ukbb/bb_functional_pipeline/bb_fix
Starting time: Sat Aug 28 13:40:45 CDT 2021
FIX Feature extraction for Melodic output directory: .
 create edge masks
 run FAST
 registration of standard space masks
 extract features
FIX Classifying components in Melodic directory: . using training file: /home/yxw190015/tvb-pipeline2/tvb-ukbb/bb_functional_pipeline/bb_fix_dir/training_files/ADNI3_Training.RData and threshold 30
FIX features not already generated, so creating them now.
FIX Feature extraction for Melodic output directory: .
 create edge masks
 run FAST
 registration of standard space masks
 extract features
No valid labelling file specified


STANDARD ERROR:
+ . /home/yxw190015/tvb-pipeline2/tvb-ukbb/bb_functional_pipeline/bb_fix_dir/settings.sh
++ FIXFEATUREVERSION=1.06
+++ uname -s
++ FSL_FIX_OS=Linux
+++ uname -m
++ FSL_FIX_ARCH=x86_64
++ '[' -z /home/yxw190015/tvb-pipeline2/tvb-ukbb/bb_functional_pipeline/bb_fix_dir ']'
+++ cat /home/yxw190015/tvb-pipeline2/tvb-ukbb/bb_functional_pipeline/bb_fix_dir/fixversion
++ FIXVERSION=1.06.15
+++ set -o
+++ grep errexit
+++ awk '{ print $2 }'
++ cur_errexit=on
++ '[' on = on ']'
++ set +o errexit
++ '[' -z '' ']'
++ FSL_FIX_MATLAB_MODE=0
++ '[' 0 -eq 0 ']'
++ '[' -z '' ']'
++ FSL_FIX_MCRROOT=/home/yxw190015/tvb-pipeline2/software/MCR_2017b_glnxa64
++ '[' '!' -x /home/yxw190015/tvb-pipeline2/software/MCR_2017b_glnxa64 ']'
++ '[' -z '' ']'
++ FSL_FIX_MLCDIR=/home/yxw190015/tvb-pipeline2/tvb-ukbb/bb_functional_pipeline/bb_fix_dir/compiled/Linux/x86_64
++ '[' -z '' ']'
++ '[' -f /home/yxw190015/tvb-pipeline2/tvb-ukbb/bb_functional_pipeline/bb_fix_dir/compiled/Linux/x86_64/MCR.version ']'
++ FSL_FIX_MCRV=v93
++ '[' '!' -z v93 -a -z '' ']'
++ FSL_FIX_MCR=/home/yxw190015/tvb-pipeline2/software/MCR_2017b_glnxa64/v93
++ '[' 0 -eq 1 ']'
++ '[' 0 -eq 2 ']'
++ '[' -z '' ']'
++ FSL_FIX_R_CMD=/home/yxw190015/tvb-pipeline2/software/env/lib/R/bin/R
++ '[' '!' -x /home/yxw190015/tvb-pipeline2/software/env/lib/R/bin/R ']'
+++ which R
++ FSL_FIX_R_CMD=/home/yxw190015/tvb-pipeline2/software/condaenv/bin/R
++ '[' -z /home/yxw190015/tvb-pipeline2/software/condaenv/bin/R ']'
++ '[' -z '' ']'
++ FSL_FIX_CIFTIRW=/opt/fmrib/matlab_ciftireadwrite/
++ '[' -z /opt/ohpc/pub/unpackaged/apps/fslbinary/6.0.4 ']'
++ FSL_FIX_FSLMATLAB=/opt/ohpc/pub/unpackaged/apps/fslbinary/6.0.4/etc/matlab
++ '[' on = on ']'
++ set -o errexit
++ pwd
+ origDir=/home/yxw190015/HSAM
+ '[' 000017 = '' ']'
+ '[' -d 000017/fMRI/rfMRI.ica ']'
+ cd 000017/fMRI/rfMRI.ica
+ /opt/ohpc/pub/unpackaged/apps/fslbinary/6.0.4/bin/imcp /home/yxw190015/HSAM/000017/T1/T1_fast/T1_brain_pveseg reg/highres_pveseg
+ /opt/ohpc/pub/unpackaged/apps/fslbinary/6.0.4/bin/invwarp --ref=reg/example_func -w reg/example_func2standard_warp -o reg/standard2example_func_warp
+ /home/yxw190015/tvb-pipeline2/tvb-ukbb/bb_functional_pipeline/bb_fix_dir/fix . /home/yxw190015/tvb-pipeline2/tvb-ukbb/bb_functional_pipeline/bb_fix_dir/training_files/ADNI3_Training.RData 30 -m -h 100
+ mkdir -p reg_standard
+ /opt/ohpc/pub/unpackaged/apps/fslbinary/6.0.4/bin/applywarp --ref=reg/standard --in=filtered_func_data_clean --out=reg_standard/filtered_func_data_clean --warp=reg/example_func2standard_warp --interp=spline
Image Exception : #63 :: No image files match: filtered_func_data_clean
Image Exception : #22 :: Failed to read volume filtered_func_data_clean
Error : No image files match: filtered_func_data_clean
terminate called after throwing an instance of 'std::runtime_error'
  what():  Failed to read volume filtered_func_data_clean
Error : No image files match: filtered_func_data_clean
/home/yxw190015/tvb-pipeline2/tvb-ukbb/bb_functional_pipeline/bb_fix: line 39: 1971806 Aborted                 (core dumped) ${FSLDIR}/bin/applywarp --ref=reg/standard --in=filtered_func_data_clean --out=reg_standard/filtered_func_data_clean --warp=reg/example_func2standard_warp --interp=spline
