STANDARD OUT:
HOST INFO: Linux compute-1-4-26 4.18.0-193.19.1.el8_2.x86_64 #1 SMP Mon Sep 14 14:37:00 UTC 2020 x86_64 x86_64 x86_64 GNU/Linux
COMMAND RUN: /home/yxw190015/tvb-pipeline2/tvb-ukbb/bb_diffusion_pipeline/bb_probtrackx2/bb_pre_probtrackx2
Starting time: Sat Aug 28 13:42:16 CDT 2021
subjectdir is /home/yxw190015/HSAM/000017


STANDARD ERROR:
++ fsl_abspath /home/yxw190015/HSAM/000017
+ subjdir=/home/yxw190015/HSAM/000017
++ echo /home/yxw190015/HSAM/000017
++ sed 's/\/$/$/g'
+ subjdir=/home/yxw190015/HSAM/000017
+ echo subjectdir is /home/yxw190015/HSAM/000017
+ mkdir -p /home/yxw190015/HSAM/000017/dMRI/probtrackx
+ ln -s '/home/yxw190015/HSAM/000017/dMRI/bedpostx.bedpostX/merged*' /home/yxw190015/HSAM/000017/dMRI/probtrackx
+ /opt/ohpc/pub/unpackaged/apps/fslbinary/6.0.4/bin/applywarp -i /home/yxw190015/HSAM/000017/T1/labelled_GMI -r /home/yxw190015/HSAM/000017/dMRI/dMRI/data_B0 -o /home/yxw190015/HSAM/000017/dMRI/dMRI/parcellation --premat=/home/yxw190015/HSAM/000017/dMRI/dMRI/transforms/T1_to_DTI.mat --interp=nn
Could not open matrix file /home/yxw190015/HSAM/000017/dMRI/dMRI/transforms/T1_to_DTI.mat
Image Exception : #63 :: No image files match: /home/yxw190015/HSAM/000017/dMRI/dMRI/data_B0
Image Exception : #22 :: Failed to read volume /home/yxw190015/HSAM/000017/dMRI/dMRI/data_B0
Error : No image files match: /home/yxw190015/HSAM/000017/dMRI/dMRI/data_B0
terminate called after throwing an instance of 'std::runtime_error'
  what():  Failed to read volume /home/yxw190015/HSAM/000017/dMRI/dMRI/data_B0
Error : No image files match: /home/yxw190015/HSAM/000017/dMRI/dMRI/data_B0
/home/yxw190015/tvb-pipeline2/tvb-ukbb/bb_diffusion_pipeline/bb_probtrackx2/bb_pre_probtrackx2: line 21: 1972291 Aborted                 (core dumped) ${FSLDIR}/bin/applywarp -i $subjdir/T1/labelled_GMI -r $subjdir/dMRI/dMRI/data_B0 -o $subjdir/dMRI/dMRI/parcellation --premat=$subjdir/dMRI/dMRI/transforms/T1_to_DTI.mat --interp=nn
