STANDARD OUT:
HOST INFO: Linux compute-1-4-26 4.18.0-193.19.1.el8_2.x86_64 #1 SMP Mon Sep 14 14:37:00 UTC 2020 x86_64 x86_64 x86_64 GNU/Linux
COMMAND RUN: /home/yxw190015/tvb-pipeline2/tvb-ukbb/bb_functional_pipeline/bb_prepare_rfMRI
Starting time: Sat Aug 28 13:20:29 CDT 2021
\/opt\/ohpc\/pub\/unpackaged\/apps\/fslbinary\/6.0.4
The command /home/yxw190015/tvb-pipeline2/tvb-ukbb/bb_functional_pipeline/bb_prepare_rfMRI took 0 seconds
Ending time: Sat Aug 28 13:20:29 CDT 2021


STANDARD ERROR:
+ nameDir=/home/yxw190015/HSAM/000017
+ cp /home/yxw190015/tvb-pipeline2/tvb-ukbb/bb_data/design_ICA_nonSmoothed.fsf 000017/fMRI/rfMRI.fsf
++ cat 000017/fMRI/rfMRI.fsf
++ sort
++ grep -oP '_--_\K.*?(?=_-_)'
++ uniq
+ for elem in `cat $1/fMRI/rfMRI.fsf | grep -oP '_--_\K.*?(?=_-_)' | sort | uniq`
++ echo /opt/ohpc/pub/unpackaged/apps/fslbinary/6.0.4
++ sed 's|/|\\/|g'
+ val='\/opt\/ohpc\/pub\/unpackaged\/apps\/fslbinary\/6.0.4'
+ echo '\/opt\/ohpc\/pub\/unpackaged\/apps\/fslbinary\/6.0.4'
+ sed -i 's/_--_FSLDIR_-_/\/opt\/ohpc\/pub\/unpackaged\/apps\/fslbinary\/6.0.4/g' 000017/fMRI/rfMRI.fsf
++ /opt/ohpc/pub/unpackaged/apps/fslbinary/6.0.4/bin/fslval 000017/fMRI/rfMRI.nii.gz dim4
+ fmriNumVol='214 '
++ /opt/ohpc/pub/unpackaged/apps/fslbinary/6.0.4/bin/fslval 000017/fMRI/rfMRI.nii.gz pixdim4
+ fmriTR='2.000000 '
++ /opt/ohpc/pub/unpackaged/apps/fslbinary/6.0.4/bin/fslval 000017/fMRI/rfMRI.nii.gz descrip
+ descrip=
+ descrip=(`echo $descrip | tr ';' ' '`)
++ echo
++ tr ';' ' '
+ fmriTE=
++ /home/yxw190015/tvb-pipeline2/tvb-ukbb/bb_pipeline_tools/bb_get_dwell_time 000017/fMRI/rfMRI.nii.gz
+ fmriDwell=
+ echo 'set fmri(outputdir)     "/home/yxw190015/HSAM/000017/fMRI/rfMRI.ica"'
+ echo 'set fmri(regunwarp_yn) 0'
+ echo 'set feat_files(1)       "/home/yxw190015/HSAM/000017/fMRI/rfMRI.nii.gz"'
+ echo 'set alt_ex_func(1)      "/home/yxw190015/HSAM/000017/fMRI/rfMRI_SBREF.nii.gz"'
+ echo 'set unwarp_files(1) 0'
+ echo 'set unwarp_files_mag(1) 0'
+ echo 'set highres_files(1)    "/home/yxw190015/HSAM/000017/fMRI/symlink/T1_brain.nii.gz"'
+ echo 'set fmri(unwarp_dir) 0'
+ echo 'set fmri(tr) 2.000000 '
+ echo 'set fmri(npts) 214 '
+ echo 'set fmri(dwell) '
+ echo 'set fmri(te) '
+ echo 'set fmri(smooth) 5'
+ echo 'set fmri(ndelete) 4'
+ . /home/yxw190015/tvb-pipeline2/tvb-ukbb/bb_pipeline_tools/bb_set_footer
++ set +x
