STANDARD OUT:
HOST INFO: Linux compute-1-4-26 4.18.0-193.19.1.el8_2.x86_64 #1 SMP Mon Sep 14 14:37:00 UTC 2020 x86_64 x86_64 x86_64 GNU/Linux
COMMAND RUN: /home/yxw190015/tvb-pipeline2/tvb-ukbb/bb_diffusion_pipeline/bb_probtrackx2/bb_post_probtrackx2
Starting time: Sat Aug 28 13:42:17 CDT 2021
subjectdir is /home/yxw190015/HSAM/000017
  adding: tvb_inputs/ (stored 0%)
  adding: tvb_inputs/rfMRI.ica/ (stored 0%)
/home/yxw190015/HSAM
The command /home/yxw190015/tvb-pipeline2/tvb-ukbb/bb_diffusion_pipeline/bb_probtrackx2/bb_post_probtrackx2 took 0 seconds
Ending time: Sat Aug 28 13:42:17 CDT 2021


STANDARD ERROR:
+ set +e
++ fsl_abspath 000017
+ subjdir=/home/yxw190015/HSAM/000017
++ echo /home/yxw190015/HSAM/000017
++ sed 's/\/$/$/g'
+ subjdir=/home/yxw190015/HSAM/000017
+ echo subjectdir is /home/yxw190015/HSAM/000017
+ python /home/yxw190015/tvb-pipeline2/tvb-ukbb/bb_diffusion_pipeline/bb_probtrackx2/tvb_concat_probtrackx2.py /home/yxw190015/HSAM/000017
Traceback (most recent call last):
  File "/home/yxw190015/tvb-pipeline2/tvb-ukbb/bb_diffusion_pipeline/bb_probtrackx2/tvb_concat_probtrackx2.py", line 102, in <module>
    tvb_concat_probtrackx2(sys.argv[1])
  File "/home/yxw190015/tvb-pipeline2/tvb-ukbb/bb_diffusion_pipeline/bb_probtrackx2/tvb_concat_probtrackx2.py", line 36, in tvb_concat_probtrackx2
    fdt = np.loadtxt(batch_dir + "/fdt_network_matrix")
  File "/home/yxw190015/tvb-pipeline2/software/condaenv/lib/python3.7/site-packages/numpy/lib/npyio.py", line 1065, in loadtxt
    fh = np.lib._datasource.open(fname, 'rt', encoding=encoding)
  File "/home/yxw190015/tvb-pipeline2/software/condaenv/lib/python3.7/site-packages/numpy/lib/_datasource.py", line 194, in open
    return ds.open(path, mode, encoding=encoding, newline=newline)
  File "/home/yxw190015/tvb-pipeline2/software/condaenv/lib/python3.7/site-packages/numpy/lib/_datasource.py", line 531, in open
    raise IOError("%s not found." % path)
OSError: /home/yxw190015/HSAM/000017/dMRI/probtrackx/batch_1/fdt_network_matrix not found.
+ mv 'bb_probtrackx_000017.e*' /home/yxw190015/HSAM/000017/logs/.
mv: cannot stat 'bb_probtrackx_000017.e*': No such file or directory
+ mv 'bb_probtrackx*_000017.o*' /home/yxw190015/HSAM/000017/logs/.
mv: cannot stat 'bb_probtrackx*_000017.o*': No such file or directory
+ mkdir /home/yxw190015/HSAM/000017/tvb_inputs
+ cp /home/yxw190015/HSAM/000017/dMRI/sc.txt /home/yxw190015/HSAM/000017/dMRI/distance.txt /home/yxw190015/HSAM/000017/T2_FLAIR/lesions/volume.txt /home/yxw190015/HSAM/000017/tvb_inputs
cp: cannot stat '/home/yxw190015/HSAM/000017/dMRI/sc.txt': No such file or directory
cp: cannot stat '/home/yxw190015/HSAM/000017/dMRI/distance.txt': No such file or directory
cp: cannot stat '/home/yxw190015/HSAM/000017/T2_FLAIR/lesions/volume.txt': No such file or directory
+ array=()
+ IFS=
+ read -r -d ''
++ find /home/yxw190015/HSAM/000017/fMRI -maxdepth 1 -type d -name '*.ica' -print0
+ array+=("$REPLY")
+ IFS=
+ read -r -d ''
+ for t in ${array[@]}
++ basename /home/yxw190015/HSAM/000017/fMRI/rfMRI.ica
+ mkdir /home/yxw190015/HSAM/000017/tvb_inputs/rfMRI.ica
++ basename /home/yxw190015/HSAM/000017/fMRI/rfMRI.ica
+ cp /home/yxw190015/HSAM/000017/fMRI/rfMRI.ica/fc.txt /home/yxw190015/HSAM/000017/fMRI/rfMRI.ica/ts.txt /home/yxw190015/HSAM/000017/tvb_inputs/rfMRI.ica
cp: cannot stat '/home/yxw190015/HSAM/000017/fMRI/rfMRI.ica/fc.txt': No such file or directory
cp: cannot stat '/home/yxw190015/HSAM/000017/fMRI/rfMRI.ica/ts.txt': No such file or directory
+ subj=000017
+ [[ 000017 =~ /$ ]]
++ basename 000017
+ subj=000017
+ cd /home/yxw190015/HSAM/000017
+ zip -r ./000017_tvb_inputs.zip ./tvb_inputs
+ cd -
+ rm -rf /home/yxw190015/HSAM/000017/tvb_inputs
+ set -e
+ . /home/yxw190015/tvb-pipeline2/tvb-ukbb/bb_pipeline_tools/bb_set_footer
++ set +x
