STANDARD OUT:
HOST INFO: Linux compute-1-4-26 4.18.0-193.19.1.el8_2.x86_64 #1 SMP Mon Sep 14 14:37:00 UTC 2020 x86_64 x86_64 x86_64 GNU/Linux
COMMAND RUN: /home/yxw190015/tvb-pipeline2/tvb-ukbb/bb_structural_pipeline/bb_struct_init
Starting time: Sat Aug 28 10:46:35 CDT 2021
WARNING: No T2 in 000017
1966468
Warning, Jacobian not within prescribed range. Prescription is 0.2 -- 5 and obtained range is -0.0125657 -- 3.6878
WARNING: No T2 in 000017
The command /home/yxw190015/tvb-pipeline2/tvb-ukbb/bb_structural_pipeline/bb_struct_init took 9232 seconds
Ending time: Sat Aug 28 13:20:27 CDT 2021


STANDARD ERROR:
+ cd 000017/T1
++ /opt/ohpc/pub/unpackaged/apps/fslbinary/6.0.4/bin/imtest T1
+ '[' 1 = 0 ']'
++ /opt/ohpc/pub/unpackaged/apps/fslbinary/6.0.4/bin/imtest T1_orig
+ '[' 0 = 0 ']'
+ /opt/ohpc/pub/unpackaged/apps/fslbinary/6.0.4/bin/immv T1 T1_orig
+ cp T1_orig.nii.gz T1_orig_ud.nii.gz
++ /opt/ohpc/pub/unpackaged/apps/fslbinary/6.0.4/bin/robustfov -i T1_orig_ud
++ grep -v Final
++ head -n 1
++ awk '{print $5}'
+ head_top=0.000000
+ /opt/ohpc/pub/unpackaged/apps/fslbinary/6.0.4/bin/fslmaths T1_orig_ud -roi 0 -1 0 -1 0.000000 170 0 1 T1_tmp
+ /opt/ohpc/pub/unpackaged/apps/fslbinary/6.0.4/bin/bet T1_tmp T1_tmp_brain -R
+ /opt/ohpc/pub/unpackaged/apps/fslbinary/6.0.4/bin/standard_space_roi T1_tmp_brain T1_tmp2 -maskNONE -ssref /opt/ohpc/pub/unpackaged/apps/fslbinary/6.0.4/data/standard/MNI152_T1_1mm_brain -altinput T1_orig_ud -d
+ /opt/ohpc/pub/unpackaged/apps/fslbinary/6.0.4/bin/immv T1_tmp2 T1
+ /opt/ohpc/pub/unpackaged/apps/fslbinary/6.0.4/bin/flirt -in T1 -ref T1_orig_ud -omat T1_to_T1_orig_ud.mat -schedule /opt/ohpc/pub/unpackaged/apps/fslbinary/6.0.4/etc/flirtsch/xyztrans.sch
+ /opt/ohpc/pub/unpackaged/apps/fslbinary/6.0.4/bin/convert_xfm -omat T1_orig_ud_to_T1.mat -inverse T1_to_T1_orig_ud.mat
+ /opt/ohpc/pub/unpackaged/apps/fslbinary/6.0.4/bin/convert_xfm -omat T1_to_MNI_linear.mat -concat T1_tmp2_tmp_to_std.mat T1_to_T1_orig_ud.mat
+ /opt/ohpc/pub/unpackaged/apps/fslbinary/6.0.4/bin/fnirt --in=T1 --ref=/opt/ohpc/pub/unpackaged/apps/fslbinary/6.0.4/data/standard/MNI152_T1_1mm --aff=T1_to_MNI_linear.mat --config=/home/yxw190015/tvb-pipeline2/tvb-ukbb/bb_data/bb_fnirt.cnf --refmask=/home/yxw190015/tvb-pipeline2/tvb-ukbb/templates/MNI152_T1_1mm_brain_mask_dil_GD7 --logout=../logs/bb_T1_to_MNI_fnirt.log --cout=T1_to_MNI_warp_coef --fout=T1_to_MNI_warp --jout=T1_to_MNI_warp_jac --iout=T1_brain_to_MNI.nii.gz --interp=spline
+ /opt/ohpc/pub/unpackaged/apps/fslbinary/6.0.4/bin/invwarp --ref=T1 -w T1_to_MNI_warp_coef -o T1_to_MNI_warp_coef_inv
+ /opt/ohpc/pub/unpackaged/apps/fslbinary/6.0.4/bin/applywarp --rel --interp=nn --in=/home/yxw190015/tvb-pipeline2/tvb-ukbb/templates/MNI152_T1_1mm_brain_mask --ref=T1 -w T1_to_MNI_warp_coef_inv -o T1_brain_mask
+ /opt/ohpc/pub/unpackaged/apps/fslbinary/6.0.4/bin/fslmaths T1 -mul T1_brain_mask T1_brain
+ /opt/ohpc/pub/unpackaged/apps/fslbinary/6.0.4/bin/fslmaths T1_brain_to_MNI -mul /home/yxw190015/tvb-pipeline2/tvb-ukbb/templates/MNI152_T1_1mm_brain_mask T1_brain_to_MNI
+ /opt/ohpc/pub/unpackaged/apps/fslbinary/6.0.4/bin/applywarp --rel --interp=nn --in=/home/yxw190015/tvb-pipeline2/tvb-ukbb/templates/parcellations/TVB_SchaeferTian/TVB_SchaeferTian_316.nii.gz --ref=T1 -w T1_to_MNI_warp_coef_inv -o parcel_to_T1
+ /opt/ohpc/pub/unpackaged/apps/fslbinary/6.0.4/bin/applywarp --rel --interp=nn --in=/home/yxw190015/tvb-pipeline2/tvb-ukbb/templates/cerebellum --ref=T1 -w T1_to_MNI_warp_coef_inv -o cerebellum_to_T1
+ /opt/ohpc/pub/unpackaged/apps/fslbinary/6.0.4/bin/applywarp --rel --interp=nn --in=/home/yxw190015/tvb-pipeline2/tvb-ukbb/templates/brainstem --ref=T1 -w T1_to_MNI_warp_coef_inv -o brainstem_to_T1
+ /opt/ohpc/pub/unpackaged/apps/fslbinary/6.0.4/bin/convert_xfm -omat grot.mat -concat T1_to_MNI_linear.mat T1_orig_ud_to_T1.mat
+ /opt/ohpc/pub/unpackaged/apps/fslbinary/6.0.4/bin/convert_xfm -omat grot.mat -concat /home/yxw190015/tvb-pipeline2/tvb-ukbb/templates/MNI_to_MNI_BigFoV_facemask.mat grot.mat
+ /opt/ohpc/pub/unpackaged/apps/fslbinary/6.0.4/bin/convert_xfm -omat grot.mat -inverse grot.mat
+ /opt/ohpc/pub/unpackaged/apps/fslbinary/6.0.4/bin/flirt -in /home/yxw190015/tvb-pipeline2/tvb-ukbb/templates/MNI152_T1_1mm_BigFoV_facemask -ref T1_orig -out grot -applyxfm -init grot.mat
+ /opt/ohpc/pub/unpackaged/apps/fslbinary/6.0.4/bin/fslmaths grot -binv -mul T1_orig T1_orig_defaced
+ cp T1.nii.gz T1_not_defaced_tmp.nii.gz
+ /opt/ohpc/pub/unpackaged/apps/fslbinary/6.0.4/bin/convert_xfm -omat grot.mat -concat /home/yxw190015/tvb-pipeline2/tvb-ukbb/templates/MNI_to_MNI_BigFoV_facemask.mat T1_to_MNI_linear.mat
+ /opt/ohpc/pub/unpackaged/apps/fslbinary/6.0.4/bin/convert_xfm -omat grot.mat -inverse grot.mat
+ /opt/ohpc/pub/unpackaged/apps/fslbinary/6.0.4/bin/flirt -in /home/yxw190015/tvb-pipeline2/tvb-ukbb/templates/MNI152_T1_1mm_BigFoV_facemask -ref T1 -out grot -applyxfm -init grot.mat
+ /opt/ohpc/pub/unpackaged/apps/fslbinary/6.0.4/bin/fslmaths grot -binv -mul T1 T1
+ /opt/ohpc/pub/unpackaged/apps/fslbinary/6.0.4/bin/fslmaths T1_brain_mask -thr 0.5 -bin grot_brain_mask
+ /opt/ohpc/pub/unpackaged/apps/fslbinary/6.0.4/bin/fslmaths grot -thr 0.5 -bin -add grot_brain_mask -thr 2 grot_QC
+ /opt/ohpc/pub/unpackaged/apps/fslbinary/6.0.4/bin/fslstats grot_QC.nii.gz -V
+ awk '{print $ 1}'
+ rm grot.mat grot.nii.gz grot_QC.nii.gz grot_brain_mask.nii.gz
+ rm T1_not_defaced_tmp.nii.gz T1_tmp.nii.gz T1_tmp2_tmp_standard_roi.nii.gz T1_tmp2_tmp_standard_roi_to_in.nii.gz T1_tmp2_tmp_to_std.mat T1_tmp2_tmp_to_std.nii.gz T1_tmp2_tmp_to_std_inv.mat T1_tmp_brain.nii.gz
+ mkdir transforms
+ mv T1_brain_to_MNI.nii.gz T1_to_MNI_linear.mat T1_to_MNI_warp.nii.gz T1_to_MNI_warp_coef.nii.gz T1_to_MNI_warp_coef_inv.nii.gz T1_to_MNI_warp_jac.nii.gz transforms
+ mv '*warp*.*' transforms
mv: cannot stat '*warp*.*': No such file or directory
+ true
+ mv T1_orig_ud_to_T1.mat T1_to_T1_orig_ud.mat brainstem_to_T1.nii.gz cerebellum_to_T1.nii.gz parcel_to_T1.nii.gz transforms
+ mv transforms/T1_brain_to_MNI.nii.gz .
+ cd ..
++ /opt/ohpc/pub/unpackaged/apps/fslbinary/6.0.4/bin/imtest T2_FLAIR/T2_FLAIR
+ '[' 0 = 0 ']'
+ echo 'WARNING: No T2 in 000017'
+ cd T1
+ mkdir T1_fast
+ /opt/ohpc/pub/unpackaged/apps/fslbinary/6.0.4/bin/fast -b -o T1_fast/T1_brain T1_brain
+ '[' -f T1_fast/T1_brain_pveseg.nii.gz ']'
+ /opt/ohpc/pub/unpackaged/apps/fslbinary/6.0.4/bin/fslmaths T1_fast/T1_brain_pve_0.nii.gz -thr 0.5 -bin T1_fast/T1_brain_CSF_mask.nii.gz
+ /opt/ohpc/pub/unpackaged/apps/fslbinary/6.0.4/bin/fslmaths T1_fast/T1_brain_pve_1.nii.gz -thr 0.5 -bin T1_fast/T1_brain_GM_mask.nii.gz
+ /opt/ohpc/pub/unpackaged/apps/fslbinary/6.0.4/bin/fslmaths T1_fast/T1_brain_pve_2.nii.gz -thr 0.5 -bin T1_fast/T1_brain_WM_mask.nii.gz
+ /opt/ohpc/pub/unpackaged/apps/fslbinary/6.0.4/bin/fslmaths T1_fast/T1_brain_GM_mask -sub transforms/cerebellum_to_T1 -sub transforms/brainstem_to_T1 -bin T1_fast/T1_brain_GM_mask_noCerebBS
+ /opt/ohpc/pub/unpackaged/apps/fslbinary/6.0.4/bin/fslmaths T1_fast/T1_brain_WM_mask -sub transforms/cerebellum_to_T1 -sub transforms/brainstem_to_T1 -bin T1_fast/T1_brain_WM_mask_noCerebBS
+ '[' -f T1_fast/T1_brain_bias.nii.gz ']'
+ /opt/ohpc/pub/unpackaged/apps/fslbinary/6.0.4/bin/fslmaths T1.nii.gz -div T1_fast/T1_brain_bias.nii.gz T1_unbiased.nii.gz
+ /opt/ohpc/pub/unpackaged/apps/fslbinary/6.0.4/bin/fslmaths T1_brain.nii.gz -div T1_fast/T1_brain_bias.nii.gz T1_unbiased_brain.nii.gz
+ mkdir T1_first
+ ln -s ../T1_unbiased_brain.nii.gz T1_first/T1_unbiased_brain.nii.gz
+ /opt/ohpc/pub/unpackaged/apps/fslbinary/6.0.4/bin/run_first_all -i T1_first/T1_unbiased_brain -b -o T1_first/T1_first
fsl_sub running 16 cores to process 15 tasks: T1_first/T1_first.com
fsl_sub running 16 cores to process 1 tasks: T1_first/T1_first.com2
fsl_sub running 16 cores to process 1 tasks: T1_first/T1_first.com3
+ /opt/ohpc/pub/unpackaged/apps/fslbinary/6.0.4/bin/fslmaths T1_first/T1_first_all_fast_firstseg -uthr 15 T1_first/subcort_upperthresh_seg
+ /opt/ohpc/pub/unpackaged/apps/fslbinary/6.0.4/bin/fslmaths T1_first/T1_first_all_fast_firstseg -thr 17 T1_first/subcort_lowerthresh_seg
+ /opt/ohpc/pub/unpackaged/apps/fslbinary/6.0.4/bin/fslmaths T1_first/subcort_upperthresh_seg -add T1_first/subcort_lowerthresh_seg -bin T1_first/subcort_GM
+ /opt/ohpc/pub/unpackaged/apps/fslbinary/6.0.4/bin/fslmaths T1_fast/T1_brain_GM_mask_noCerebBS -add T1_first/subcort_GM -bin cort_subcort_GM
++ pwd
+ /home/yxw190015/tvb-pipeline2/tvb-ukbb/bb_structural_pipeline/bb_sienax /home/yxw190015/HSAM/000017/T1/..
++ pwd
+ /home/yxw190015/tvb-pipeline2/tvb-ukbb/bb_structural_pipeline/bb_vbm /home/yxw190015/HSAM/000017/T1/..
+ cd ..
+ /home/yxw190015/tvb-pipeline2/tvb-ukbb/bb_structural_pipeline/bb_QC_COG ../000017
+ referenceSubjectId=4908980
+ dirT1=../000017/T1
+ '[' -d ../000017/T1/unusable ']'
++ imtest ../000017/T1/T1_brain_mask
+ '[' x1 = x1 ']'
++ imtest ../000017/T1/T1
+ '[' x1 = x1 ']'
++ fslstats ../000017/T1/T1_brain_mask.nii.gz -C
+ COG_coord='180.474945 184.334593 99.194613 '
++ echo 180.474945 184.334593 99.194613
++ awk '{print $1}'
+ X=180.474945
++ echo 180.474945 184.334593 99.194613
++ awk '{print $2}'
+ Y=184.334593
++ echo 180.474945 184.334593 99.194613
++ awk '{print $3}'
+ Z=99.194613
++ fslhd ../000017/T1/T1.nii.gz
++ grep qto_xyz:1
++ awk '{print "["$2", "$3", "$4", "$5"]"}'
+ qform_row1='[0.000000, 0.000000, 0.750000, -74.625000]'
++ fslhd ../000017/T1/T1.nii.gz
++ grep qto_xyz:2
++ awk '{print "["$2", "$3", "$4", "$5"]"}'
+ qform_row2='[-0.732143, 0.000000, 0.000000, 123.837463]'
++ fslhd ../000017/T1/T1.nii.gz
++ grep qto_xyz:3
++ awk '{print "["$2", "$3", "$4", "$5"]"}'
+ qform_row3='[0.000000, -0.732143, 0.000000, 121.880325]'
++ fslhd ../000017/T1/T1.nii.gz
++ grep qto_xyz:4
++ awk '{print "["$2", "$3", "$4", "$5"]"}'
+ qform_row4='[0.000000, 0.000000, 0.000000, 1.000000]'
+ qform_python='[[0.000000, 0.000000, 0.750000, -74.625000], [-0.732143, 0.000000, 0.000000, 123.837463], [0.000000, -0.732143, 0.000000, 121.880325], [0.000000, 0.000000, 0.000000, 1.000000]]'
+ COG_python='[180.474945, 184.334593, 99.194613, 1]'
+ python_line='import numpy as np; a = np.array([[0.000000, 0.000000, 0.750000, -74.625000], [-0.732143, 0.000000, 0.000000, 123.837463], [0.000000, -0.732143, 0.000000, 121.880325], [0.000000, 0.000000, 0.000000, 1.000000]]); b=np.array([180.474945, 184.334593, 99.194613, 1]); print(a.dot(b)) ;'
++ python -c 'import numpy as np; a = np.array([[0.000000, 0.000000, 0.750000, -74.625000], [-0.732143, 0.000000, 0.000000, 123.837463], [0.000000, -0.732143, 0.000000, 121.880325], [0.000000, 0.000000, 0.000000, 1.000000]]); b=np.array([180.474945, 184.334593, 99.194613, 1]); print(a.dot(b)) ;'
++ awk '{print $2" "$3" "$4}'
+ newCoord='-0.22904025 -8.29600466 -13.07895692'
++ echo -0.22904025 -8.29600466 -13.07895692
++ awk '{print $1}'
+ newX=-0.22904025
++ echo -0.22904025 -8.29600466 -13.07895692
++ awk '{print $3}'
+ newZ=-13.07895692
+ fslmaths ../000017/T1/T1_brain_mask -thr 0.5 -bin ../000017/T1/grot_brain_mask_bin
+ flirt -in ../000017/T1/grot_brain_mask_bin -ref /4908980/T1/ref -out ../000017/T1/grot_mask -applyxfm -usesqform -interp nearestneighbour
Image Exception : #63 :: No image files match: /4908980/T1/ref
Image Exception : #22 :: Failed to read volume /4908980/T1/ref
Error : No image files match: /4908980/T1/ref
Failed to read volume /4908980/T1/ref
Error : No image files match: /4908980/T1/ref
++ fslstats ../000017/T1/grot_mask -w
++ awk '{print $3}'
Image Exception : #63 :: No image files match: ../000017/T1/grot_mask
Image Exception : #22 :: Failed to read volume ../000017/T1/grot_mask
Error : No image files match: ../000017/T1/grot_mask
Failed to read volume ../000017/T1/grot_mask
Error : No image files match: ../000017/T1/grot_mask
+ newY=
+ rm ../000017/T1/grot_brain_mask_bin.nii.gz
+ echo -0.22904025 -13.07895692
+ /home/yxw190015/tvb-pipeline2/tvb-ukbb/bb_structural_pipeline/bb_QC_CNR_eyes ../000017
+ result=NaN
+ dir=../000017/T1
+ '[' -d ../000017/T1/unusable ']'
+ T1_cut=../000017/T1/T1
+ T1=../000017/raw/T1_notNorm
++ imtest ../000017/T1/T1
+ '[' x1 = x1 ']'
++ imtest ../000017/raw/T1_notNorm
+ '[' x0 = x1 ']'
+ /home/yxw190015/tvb-pipeline2/tvb-ukbb/bb_structural_pipeline/bb_QC_CNR_corners_complete ../000017
+ result=NaN
+ dirT1=../000017/T1
+ dirRaw=../000017/raw
+ '[' -d ../000017/T1/unusable ']'
+ T1_cut=../000017/T1/T1
+ dirOut=../000017/T1
+ for T1_input in "$dirT1/T1_orig" "$dirRaw/T1_notNorm"
++ imtest ../000017/T1/T1
+ '[' x1 = x1 ']'
++ imtest ../000017/T1/T1_orig
+ '[' x1 = x1 ']'
++ basename ../000017/T1/T1_orig
+ T1nam=T1_orig
++ imtest ../000017/T1/T1_fast/T1_brain_pveseg
+ '[' x1 = x1 ']'
+ fslroi ../000017/T1/T1_orig ../000017/T1/T1_orig_grot_roi_1_1_lower 1 10 1 10 0 10
+ fslroi ../000017/T1/T1_orig ../000017/T1/T1_orig_grot_roi_1_245_lower 1 10 245 10 0 10
+ fslroi ../000017/T1/T1_orig ../000017/T1/T1_orig_grot_roi_197_1_lower 197 10 1 10 0 10
+ fslroi ../000017/T1/T1_orig ../000017/T1/T1_orig_grot_roi_197_245_lower 197 10 245 10 0 10
+ fslmerge -x ../000017/T1/T1_orig_grot_roi_x_1_lower ../000017/T1/T1_orig_grot_roi_1_1_lower ../000017/T1/T1_orig_grot_roi_197_1_lower
+ fslmerge -x ../000017/T1/T1_orig_grot_roi_x_245_lower ../000017/T1/T1_orig_grot_roi_1_245_lower ../000017/T1/T1_orig_grot_roi_197_245_lower
+ fslmerge -y ../000017/T1/T1_orig_grot_roi_lower ../000017/T1/T1_orig_grot_roi_x_1_lower ../000017/T1/T1_orig_grot_roi_x_245_lower
+ fslroi ../000017/T1/T1_orig ../000017/T1/T1_orig_grot_roi_1_1_higher 1 10 1 10 245 10
+ fslroi ../000017/T1/T1_orig ../000017/T1/T1_orig_grot_roi_1_245_higher 1 10 245 10 245 10
+ fslroi ../000017/T1/T1_orig ../000017/T1/T1_orig_grot_roi_197_1_higher 197 10 1 10 245 10
+ fslroi ../000017/T1/T1_orig ../000017/T1/T1_orig_grot_roi_197_245_higher 197 10 245 10 245 10
+ fslmerge -x ../000017/T1/T1_orig_grot_roi_x_1_higher ../000017/T1/T1_orig_grot_roi_1_1_higher ../000017/T1/T1_orig_grot_roi_197_1_higher
+ fslmerge -x ../000017/T1/T1_orig_grot_roi_x_245_higher ../000017/T1/T1_orig_grot_roi_1_245_higher ../000017/T1/T1_orig_grot_roi_197_245_higher
+ fslmerge -y ../000017/T1/T1_orig_grot_roi_higher ../000017/T1/T1_orig_grot_roi_x_1_higher ../000017/T1/T1_orig_grot_roi_x_245_higher
+ subj=../000017
+ '[' -f ../000017/T1/T1_fast/T1_brain_GM_mask.nii.gz ']'
++ fslstats ../000017/T1/T1 -k ../000017/T1/T1_fast/T1_brain_GM_mask.nii.gz -m
+ TheGrey='137.937967 '
++ fslstats ../000017/T1/T1 -k ../000017/T1/T1_fast/T1_brain_WM_mask.nii.gz -m
+ TheWhite='175.994312 '
++ fslstats ../000017/T1/T1 -k ../000017/T1/T1_fast/T1_brain_GM_mask.nii.gz -P 1
+ threshold1='96.000000 '
++ echo '96.000000  / 2 '
++ bc
+ threshold2=48
+ fslmaths ../000017/T1/T1_orig_grot_roi_lower.nii.gz -uthr 48 ../000017/T1/T1_orig_grot_roi_lower_2.nii.gz
+ fslmaths ../000017/T1/T1_orig_grot_roi_higher.nii.gz -uthr 48 ../000017/T1/T1_orig_grot_roi_higher_2.nii.gz
++ fslstats ../000017/T1/T1_orig_grot_roi_lower_2.nii.gz -S
+ TheNoise_lower='11.944958 '
++ fslstats ../000017/T1/T1_orig_grot_roi_higher_2.nii.gz -S
+ TheNoise_higher='0.000000 '
++ echo '1 k 137.937967  175.994312  + 2 / p'
++ dc -
+ TheBrain=156.9
++ echo '10 k 11.944958  156.9 / p'
++ dc -
+ result_lower=.0761310261
++ echo '10 k 0.000000  156.9 / p'
++ dc -
+ result_higher=0
+ rm ../000017/T1/T1_orig_grot_roi_197_1_higher.nii.gz ../000017/T1/T1_orig_grot_roi_197_1_lower.nii.gz ../000017/T1/T1_orig_grot_roi_197_245_higher.nii.gz ../000017/T1/T1_orig_grot_roi_197_245_lower.nii.gz ../000017/T1/T1_orig_grot_roi_1_1_higher.nii.gz ../000017/T1/T1_orig_grot_roi_1_1_lower.nii.gz ../000017/T1/T1_orig_grot_roi_1_245_higher.nii.gz ../000017/T1/T1_orig_grot_roi_1_245_lower.nii.gz ../000017/T1/T1_orig_grot_roi_higher.nii.gz ../000017/T1/T1_orig_grot_roi_higher_2.nii.gz ../000017/T1/T1_orig_grot_roi_lower.nii.gz ../000017/T1/T1_orig_grot_roi_lower_2.nii.gz ../000017/T1/T1_orig_grot_roi_x_1_higher.nii.gz ../000017/T1/T1_orig_grot_roi_x_1_lower.nii.gz ../000017/T1/T1_orig_grot_roi_x_245_higher.nii.gz ../000017/T1/T1_orig_grot_roi_x_245_lower.nii.gz
+ echo .0761310261
+ echo 0
+ for T1_input in "$dirT1/T1_orig" "$dirRaw/T1_notNorm"
++ imtest ../000017/T1/T1
+ '[' x1 = x1 ']'
++ imtest ../000017/raw/T1_notNorm
+ '[' x0 = x1 ']'
++ /opt/ohpc/pub/unpackaged/apps/fslbinary/6.0.4/bin/imtest T2_FLAIR/T2_FLAIR_orig
+ '[' 0 = 0 ']'
+ echo 'WARNING: No T2 in 000017'
+ /opt/ohpc/pub/unpackaged/apps/fslbinary/6.0.4/bin/fslmaths T1/T1_fast/T1_brain_GM_mask_noCerebBS -kernel sphere 1 -dilM T1/T1_fast/T1_brain_GM_mask_noCerebBS_dil
+ /opt/ohpc/pub/unpackaged/apps/fslbinary/6.0.4/bin/fslmaths T1/T1_fast/T1_brain_GM_mask_noCerebBS_dil -add T1/T1_fast/T1_brain_WM_mask_noCerebBS -thr 2 -bin T1/interface
++ fslstats T1/interface -R
++ awk '{print int($2)}'
+ maskMAX=1
+ '[' 1 -lt 1 ']'
+ /opt/ohpc/pub/unpackaged/apps/afnibinary/21.0.06/3dROIMaker -inset T1/cort_subcort_GM.nii.gz -thresh 0.1 -inflate 1 -prefix T1/labelled -refset T1/transforms/parcel_to_T1.nii.gz -nifti -neigh_upto_vert
++ Value of threshold is: 0.100000
++ Each subrik of refset will be applied to corresponding inset brik.
++ GM map is done.
++ SKEL_STOP = 0
++ No refset labeltable for naming things.
++ GMI map is done.
++ Put labeltables on both the GM and GMI files.
+ /opt/ohpc/pub/unpackaged/apps/fslbinary/6.0.4/bin/fslmaths T1/labelled_GM -mas T1/cort_subcort_GM.nii.gz T1/labelled_GM
+ . /home/yxw190015/tvb-pipeline2/tvb-ukbb/bb_pipeline_tools/bb_set_footer
++ set +x
